<?xml version="1.0" encoding="UTF-8"?>
<!-- Generated by org.testng.reporters.JUnitXMLReporter -->
<testsuite ignored="2" hostname="Ripna_John" failures="0" tests="2" name="Test" time="8.626" errors="0" timestamp="10 May 2024 11:04:08 GMT">
  <testcase classname="day7.TestNg2" name="checkpbxtest" time="0.172"/>
  <testcase classname="day7.TestNg2" name="sendkeystest" time="0.585"/>
  <testcase classname="day7.TestNg2" name="test1" time="0.0">
    <ignored/>
  </testcase> <!-- test1 -->
  <testcase classname="day7.TestNg2" name="linktext" time="0.0">
    <ignored/>
  </testcase> <!-- linktext -->
</testsuite> <!-- Test -->
